<?xml version="1.0" encoding="UTF-8"?>
<!-- Generated by org.testng.reporters.JUnitReportReporter -->
<testsuite skipped="0" hostname="LAPTOP-M9FVOIFN" name="jpmcproj.Test2" tests="1" failures="0" timestamp="2023-08-27T22:50:27 IST" time="5.583" errors="0">
  <testcase name="method1" time="5.583" classname="jpmcproj.Test2"/>
  <system-out/>
</testsuite> <!-- jpmcproj.Test2 -->
