<?xml version="1.0" encoding="UTF-8"?>
<!-- Generated by org.testng.reporters.JUnitReportReporter -->
<testsuite skipped="0" hostname="LAPTOP-M9FVOIFN" name="jpmcproj.Test3" tests="1" failures="0" timestamp="2023-08-27T23:30:44 IST" time="4.954" errors="0">
  <testcase name="method1" time="4.954" classname="jpmcproj.Test3"/>
  <system-out/>
</testsuite> <!-- jpmcproj.Test3 -->
